<?xml version="1.0" encoding="UTF-8"?>
<testsuite xmlns:xsi="http://www.w3.org/2001/XMLSchema-instance" xsi:noNamespaceSchemaLocation="https://maven.apache.org/surefire/maven-surefire-plugin/xsd/surefire-test-report.xsd" name="com.example.PersonalButler.PersonalButlerApplicationTests" time="3.693" tests="2" errors="0" skipped="0" failures="1">
  <properties>
[...]
</properties>
  <testcase name="jpaLoads" classname="com.example.PersonalButler.PersonalButlerApplicationTests" time="0.242">
    <failure message="expected: &lt;true&gt; but was: &lt;false&gt;" type="org.opentest4j.AssertionFailedError"><![CDATA[org.opentest4j.AssertionFailedError: expected: <true> but was: <false>
	at com.example.PersonalButler.PersonalButlerApplicationTests.jpaLoads(PersonalButlerApplicationTests.java:24)
]]></failure>
    <system-out><![CDATA[17:57:10.813 [main] DEBUG org.springframework.test.context.BootstrapUtils - Instantiating CacheAwareContextLoaderDelegate from class [org.springframework.test.context.cache.DefaultCacheAwareContextLoaderDelegate]
17:57:10.828 [main] DEBUG org.springframework.test.context.BootstrapUtils - Instantiating BootstrapContext using constructor [public org.springframework.test.context.support.DefaultBootstrapContext(java.lang.Class,org.springframework.test.context.CacheAwareContextLoaderDelegate)]
17:57:10.860 [main] DEBUG org.springframework.test.context.BootstrapUtils - Instantiating TestContextBootstrapper for test class [com.example.PersonalButler.PersonalButlerApplicationTests] from class [org.springframework.boot.test.context.SpringBootTestContextBootstrapper]
17:57:10.881 [main] INFO org.springframework.boot.test.context.SpringBootTestContextBootstrapper - Neither @ContextConfiguration nor @ContextHierarchy found for test class [com.example.PersonalButler.PersonalButlerApplicationTests], using SpringBootContextLoader
17:57:10.886 [main] DEBUG org.springframework.test.context.support.AbstractContextLoader - Did not detect default resource location for test class [com.example.PersonalButler.PersonalButlerApplicationTests]: class path resource [com/example/PersonalButler/PersonalButlerApplicationTests-context.xml] does not exist
17:57:10.886 [main] DEBUG org.springframework.test.context.support.AbstractContextLoader - Did not detect default resource location for test class [com.example.PersonalButler.PersonalButlerApplicationTests]: class path resource [com/example/PersonalButler/PersonalButlerApplicationTestsContext.groovy] does not exist
17:57:10.886 [main] INFO org.springframework.test.context.support.AbstractContextLoader - Could not detect default resource locations for test class [com.example.PersonalButler.PersonalButlerApplicationTests]: no resource found for suffixes {-context.xml, Context.groovy}.
17:57:10.887 [main] INFO org.springframework.test.context.support.AnnotationConfigContextLoaderUtils - Could not detect default configuration classes for test class [com.example.PersonalButler.PersonalButlerApplicationTests]: PersonalButlerApplicationTests does not declare any static, non-private, non-final, nested classes annotated with @Configuration.
17:57:10.932 [main] DEBUG org.springframework.test.context.support.ActiveProfilesUtils - Could not find an 'annotation declaring class' for annotation type [org.springframework.test.context.ActiveProfiles] and class [com.example.PersonalButler.PersonalButlerApplicationTests]
17:57:11.006 [main] DEBUG org.springframework.context.annotation.ClassPathScanningCandidateComponentProvider - Identified candidate component class: file [/Users/Mask/workspace/Personal-Butler/target/classes/com/example/PersonalButler/PersonalButlerApplication.class]
17:57:11.006 [main] INFO org.springframework.boot.test.context.SpringBootTestContextBootstrapper - Found @SpringBootConfiguration com.example.PersonalButler.PersonalButlerApplication for test class com.example.PersonalButler.PersonalButlerApplicationTests
17:57:11.122 [main] DEBUG org.springframework.boot.test.context.SpringBootTestContextBootstrapper - @TestExecutionListeners is not present for class [com.example.PersonalButler.PersonalButlerApplicationTests]: using defaults.
17:57:11.122 [main] INFO org.springframework.boot.test.context.SpringBootTestContextBootstrapper - Loaded default TestExecutionListener class names from location [META-INF/spring.factories]: [org.springframework.boot.test.mock.mockito.MockitoTestExecutionListener, org.springframework.boot.test.mock.mockito.ResetMocksTestExecutionListener, org.springframework.boot.test.autoconfigure.restdocs.RestDocsTestExecutionListener, org.springframework.boot.test.autoconfigure.web.client.MockRestServiceServerResetTestExecutionListener, org.springframework.boot.test.autoconfigure.web.servlet.MockMvcPrintOnlyOnFailureTestExecutionListener, org.springframework.boot.test.autoconfigure.web.servlet.WebDriverTestExecutionListener, org.springframework.boot.test.autoconfigure.webservices.client.MockWebServiceServerTestExecutionListener, org.springframework.test.context.web.ServletTestExecutionListener, org.springframework.test.context.support.DirtiesContextBeforeModesTestExecutionListener, org.springframework.test.context.support.DependencyInjectionTestExecutionListener, org.springframework.test.context.support.DirtiesContextTestExecutionListener, org.springframework.test.context.transaction.TransactionalTestExecutionListener, org.springframework.test.context.jdbc.SqlScriptsTestExecutionListener, org.springframework.test.context.event.EventPublishingTestExecutionListener]
17:57:11.145 [main] INFO org.springframework.boot.test.context.SpringBootTestContextBootstrapper - Using TestExecutionListeners: [org.springframework.test.context.web.ServletTestExecutionListener@6253c26, org.springframework.test.context.support.DirtiesContextBeforeModesTestExecutionListener@49049a04, org.springframework.boot.test.mock.mockito.MockitoTestExecutionListener@71a8adcf, org.springframework.boot.test.autoconfigure.SpringBootDependencyInjectionTestExecutionListener@27462a88, org.springframework.test.context.support.DirtiesContextTestExecutionListener@82de64a, org.springframework.test.context.transaction.TransactionalTestExecutionListener@659499f1, org.springframework.test.context.jdbc.SqlScriptsTestExecutionListener@51e69659, org.springframework.test.context.event.EventPublishingTestExecutionListener@47e2e487, org.springframework.boot.test.mock.mockito.ResetMocksTestExecutionListener@201a4587, org.springframework.boot.test.autoconfigure.restdocs.RestDocsTestExecutionListener@61001b64, org.springframework.boot.test.autoconfigure.web.client.MockRestServiceServerResetTestExecutionListener@4310d43, org.springframework.boot.test.autoconfigure.web.servlet.MockMvcPrintOnlyOnFailureTestExecutionListener@54a7079e, org.springframework.boot.test.autoconfigure.web.servlet.WebDriverTestExecutionListener@26e356f0, org.springframework.boot.test.autoconfigure.webservices.client.MockWebServiceServerTestExecutionListener@47d9a273]
17:57:11.149 [main] DEBUG org.springframework.test.context.support.AbstractDirtiesContextTestExecutionListener - Before test class: context [DefaultTestContext@13fd2ccd testClass = PersonalButlerApplicationTests, testInstance = [null], testMethod = [null], testException = [null], mergedContextConfiguration = [WebMergedContextConfiguration@b9b00e0 testClass = PersonalButlerApplicationTests, locations = '{}', classes = '{class com.example.PersonalButler.PersonalButlerApplication}', contextInitializerClasses = '[]', activeProfiles = '{}', propertySourceLocations = '{}', propertySourceProperties = '{org.springframework.boot.test.context.SpringBootTestContextBootstrapper=true}', contextCustomizers = set[org.springframework.boot.test.context.filter.ExcludeFilterContextCustomizer@5cee5251, org.springframework.boot.test.json.DuplicateJsonObjectContextCustomizerFactory$DuplicateJsonObjectContextCustomizer@4b14c583, org.springframework.boot.test.mock.mockito.MockitoContextCustomizer@0, org.springframework.boot.test.web.client.TestRestTemplateContextCustomizer@69b2283a, org.springframework.boot.test.autoconfigure.properties.PropertyMappingContextCustomizer@0, org.springframework.boot.test.autoconfigure.web.servlet.WebDriverContextCustomizerFactory$Customizer@5bd03f44, org.springframework.boot.test.context.SpringBootTestArgs@1], resourceBasePath = 'src/main/webapp', contextLoader = 'org.springframework.boot.test.context.SpringBootContextLoader', parent = [null]], attributes = map['org.springframework.test.context.web.ServletTestExecutionListener.activateListener' -> true]], class annotated with @DirtiesContext [false] with mode [null].
17:57:11.184 [main] DEBUG org.springframework.test.context.support.TestPropertySourceUtils - Adding inlined properties to environment: {spring.jmx.enabled=false, org.springframework.boot.test.context.SpringBootTestContextBootstrapper=true}

  .   ____          _            __ _ _
 /\\ / ___'_ __ _ _(_)_ __  __ _ \ \ \ \
( ( )\___ | '_ | '_| | '_ \/ _` | \ \ \ \
 \\/  ___)| |_)| | | | | || (_| |  ) ) ) )
  '  |____| .__|_| |_|_| |_\__, | / / / /
 =========|_|==============|___/=/_/_/_/
 :: Spring Boot ::        (v2.3.3.RELEASE)

2020-09-17 17:57:11.392  INFO 53931 --- [           main] c.e.P.PersonalButlerApplicationTests     : Starting PersonalButlerApplicationTests on Mask-MacBook-Pro.local with PID 53931 (started by Mask in /Users/Mask/workspace/Personal-Butler)
2020-09-17 17:57:11.393  INFO 53931 --- [           main] c.e.P.PersonalButlerApplicationTests     : No active profile set, falling back to default profiles: default
2020-09-17 17:57:11.935  INFO 53931 --- [           main] .s.d.r.c.RepositoryConfigurationDelegate : Bootstrapping Spring Data JPA repositories in DEFERRED mode.
2020-09-17 17:57:12.000  INFO 53931 --- [           main] .s.d.r.c.RepositoryConfigurationDelegate : Finished Spring Data repository scanning in 54ms. Found 1 JPA repository interfaces.
2020-09-17 17:57:12.554  INFO 53931 --- [           main] o.s.s.concurrent.ThreadPoolTaskExecutor  : Initializing ExecutorService 'applicationTaskExecutor'
2020-09-17 17:57:12.590  INFO 53931 --- [           main] com.zaxxer.hikari.HikariDataSource       : HikariPool-1 - Starting...
2020-09-17 17:57:12.786  INFO 53931 --- [           main] com.zaxxer.hikari.HikariDataSource       : HikariPool-1 - Start completed.
2020-09-17 17:57:12.845  INFO 53931 --- [         task-1] o.hibernate.jpa.internal.util.LogHelper  : HHH000204: Processing PersistenceUnitInfo [name: default]
2020-09-17 17:57:12.946  INFO 53931 --- [         task-1] org.hibernate.Version                    : HHH000412: Hibernate ORM core version 5.4.20.Final
2020-09-17 17:57:13.104  WARN 53931 --- [           main] JpaBaseConfiguration$JpaWebConfiguration : spring.jpa.open-in-view is enabled by default. Therefore, database queries may be performed during view rendering. Explicitly configure spring.jpa.open-in-view to disable this warning
2020-09-17 17:57:13.119  INFO 53931 --- [         task-1] o.hibernate.annotations.common.Version   : HCANN000001: Hibernate Commons Annotations {5.1.0.Final}
2020-09-17 17:57:13.275  INFO 53931 --- [         task-1] org.hibernate.dialect.Dialect            : HHH000400: Using dialect: org.hibernate.dialect.MySQL57Dialect
2020-09-17 17:57:13.730  INFO 53931 --- [           main] DeferredRepositoryInitializationListener : Triggering deferred initialization of Spring Data repositories…
2020-09-17 17:57:13.963  INFO 53931 --- [         task-1] o.h.e.t.j.p.i.JtaPlatformInitiator       : HHH000490: Using JtaPlatform implementation: [org.hibernate.engine.transaction.jta.platform.internal.NoJtaPlatform]
2020-09-17 17:57:13.972  INFO 53931 --- [         task-1] j.LocalContainerEntityManagerFactoryBean : Initialized JPA EntityManagerFactory for persistence unit 'default'
2020-09-17 17:57:14.165  INFO 53931 --- [           main] DeferredRepositoryInitializationListener : Spring Data repositories initialized!
2020-09-17 17:57:14.171  INFO 53931 --- [           main] c.e.P.PersonalButlerApplicationTests     : Started PersonalButlerApplicationTests in 2.977 seconds (JVM running for 3.831)
]]></system-out>
  </testcase>
  <testcase name="contextLoads" classname="com.example.PersonalButler.PersonalButlerApplicationTests" time="0.001"/>
</testsuite>